Traceback (most recent call last):
  File "/home/dell/.local/lib/python3.6/site-packages/jupyter_cache/executors/utils.py", line 56, in single_nb_execution
    record_timing=False,
  File "/home/dell/.local/lib/python3.6/site-packages/nbclient/client.py", line 1087, in execute
    return NotebookClient(nb=nb, resources=resources, km=km, **kwargs).execute()
  File "/home/dell/.local/lib/python3.6/site-packages/nbclient/util.py", line 74, in wrapped
    return just_run(coro(*args, **kwargs))
  File "/home/dell/.local/lib/python3.6/site-packages/nbclient/util.py", line 53, in just_run
    return loop.run_until_complete(coro)
  File "/home/dell/miniconda3/envs/deepai-book/lib/python3.6/asyncio/base_events.py", line 488, in run_until_complete
    return future.result()
  File "/home/dell/.local/lib/python3.6/site-packages/nbclient/client.py", line 541, in async_execute
    cell, index, execution_count=self.code_cells_executed + 1
  File "/home/dell/.local/lib/python3.6/site-packages/nbclient/client.py", line 832, in async_execute_cell
    self._check_raise_for_error(cell, exec_reply)
  File "/home/dell/.local/lib/python3.6/site-packages/nbclient/client.py", line 740, in _check_raise_for_error
    raise CellExecutionError.from_cell_and_msg(cell, exec_reply['content'])
nbclient.exceptions.CellExecutionError: An error occurred while executing the following cell:
------------------
# Visualize hàm sigmoid

plt.figure(figsize = (16, 8))
plt.plot(x, y, marker = 'o')
plt.axvline(0)
plt.text(0.0, 0.3, "x=0.5")
plt.axhline(1, color="green")
plt.text(-7.5, 0.9, "y=1.0")
plt.axhline(0, color="red")
plt.text(-7.5, 0.05, "y=0.0")
plt.xlabel('x')
plt.ylabel('y')
plt.title('Sigmoid Function')
plt.show()
------------------

[0;31m---------------------------------------------------------------------------[0m
[0;31mNameError[0m                                 Traceback (most recent call last)
[0;32m<ipython-input-2-4fe9b451803c>[0m in [0;36m<module>[0;34m[0m
[1;32m      1[0m [0;31m# Visualize hàm sigmoid[0m[0;34m[0m[0;34m[0m[0;34m[0m[0m
[1;32m      2[0m [0;34m[0m[0m
[0;32m----> 3[0;31m [0mplt[0m[0;34m.[0m[0mfigure[0m[0;34m([0m[0mfigsize[0m [0;34m=[0m [0;34m([0m[0;36m16[0m[0;34m,[0m [0;36m8[0m[0;34m)[0m[0;34m)[0m[0;34m[0m[0;34m[0m[0m
[0m[1;32m      4[0m [0mplt[0m[0;34m.[0m[0mplot[0m[0;34m([0m[0mx[0m[0;34m,[0m [0my[0m[0;34m,[0m [0mmarker[0m [0;34m=[0m [0;34m'o'[0m[0;34m)[0m[0;34m[0m[0;34m[0m[0m
[1;32m      5[0m [0mplt[0m[0;34m.[0m[0maxvline[0m[0;34m([0m[0;36m0[0m[0;34m)[0m[0;34m[0m[0;34m[0m[0m

[0;31mNameError[0m: name 'plt' is not defined
NameError: name 'plt' is not defined

