Traceback (most recent call last):
  File "/home/khanh/miniconda3/lib/python3.9/site-packages/jupyter_cache/executors/utils.py", line 51, in single_nb_execution
    executenb(
  File "/home/khanh/miniconda3/lib/python3.9/site-packages/nbclient/client.py", line 1093, in execute
    return NotebookClient(nb=nb, resources=resources, km=km, **kwargs).execute()
  File "/home/khanh/miniconda3/lib/python3.9/site-packages/nbclient/util.py", line 84, in wrapped
    return just_run(coro(*args, **kwargs))
  File "/home/khanh/miniconda3/lib/python3.9/site-packages/nbclient/util.py", line 62, in just_run
    return loop.run_until_complete(coro)
  File "/home/khanh/miniconda3/lib/python3.9/asyncio/base_events.py", line 642, in run_until_complete
    return future.result()
  File "/home/khanh/miniconda3/lib/python3.9/site-packages/nbclient/client.py", line 559, in async_execute
    await self.async_execute_cell(
  File "/home/khanh/miniconda3/lib/python3.9/site-packages/nbclient/client.py", line 854, in async_execute_cell
    self._check_raise_for_error(cell, exec_reply)
  File "/home/khanh/miniconda3/lib/python3.9/site-packages/nbclient/client.py", line 756, in _check_raise_for_error
    raise CellExecutionError.from_cell_and_msg(cell, exec_reply_content)
nbclient.exceptions.CellExecutionError: An error occurred while executing the following cell:
------------------
import seaborn as sns
import matplotlib.pyplot as plt
import warnings
warnings.simplefilter(action='ignore', category=FutureWarning)

# Biểu đồ histogram
def _plot_hist_subplot(x, fieldname, bins = 10, use_kde = True):
  x = x.dropna()
  xlabel = '{} bins tickers'.format(fieldname)
  ylabel = 'Count obs in {} each bin'.format(fieldname)
  title = 'histogram plot of {} with {} bins'.format(fieldname, bins)
  ax = sns.distplot(x, bins = bins, kde = use_kde)
  ax.set_xlabel(xlabel)
  ax.set_ylabel(ylabel)
  ax.set_title(title)
  return ax

# Biểu đồ barchart
def _plot_barchart_subplot(x, fieldname):
  xlabel = 'Group of {}'.format(fieldname)
  ylabel = 'Count obs in {} each bin'.format(fieldname)
  title = 'Barchart plot of {}'.format(fieldname)
  x = x.fillna('Missing')
  df_summary = x.value_counts(dropna = False)
  y_values = df_summary.values
  x_index = df_summary.index
  ax = sns.barplot(x = x_index, y = y_values, order = x_index)
  # Tạo vòng for lấy tọa độ đỉnh trên cùng của biểu đồ và thêm label thông qua annotate.
  labels = list(set(x))
  for label, p in zip(y_values, ax.patches):
    ax.annotate(label, (p.get_x()+0.25, p.get_height()+0.15))
  plt.xlabel(xlabel)
  plt.ylabel(ylabel)
  plt.title(title)
  return ax

# Khởi tạo figure cho đồ thị (Kích thước W*H = 16x12) và cách nhau là 0.2 giữa các đồ thị
fig = plt.figure(figsize=(18, 16))
fig.subplots_adjust(hspace=0.5, wspace=0.2)
# Tạo vòng for check định dạng của biến và visualize
for i, (fieldname, dtype) in enumerate(zip(data.columns, data.dtypes.values)):
  if i <= 11:
    ax_i = fig.add_subplot(4, 3, i+1)
    if dtype in ['float64', 'int64']:
      ax_i = _plot_hist_subplot(data[fieldname], fieldname=fieldname)
    else:
      ax_i = _plot_barchart_subplot(data[fieldname], fieldname=fieldname)
      
fig.suptitle('Visualization all fields')
plt.show()
------------------

[0;31m---------------------------------------------------------------------------[0m
[0;31mModuleNotFoundError[0m                       Traceback (most recent call last)
[0;32m/tmp/ipykernel_77056/1375321562.py[0m in [0;36m<module>[0;34m[0m
[0;32m----> 1[0;31m [0;32mimport[0m [0mseaborn[0m [0;32mas[0m [0msns[0m[0;34m[0m[0;34m[0m[0m
[0m[1;32m      2[0m [0;32mimport[0m [0mmatplotlib[0m[0;34m.[0m[0mpyplot[0m [0;32mas[0m [0mplt[0m[0;34m[0m[0;34m[0m[0m
[1;32m      3[0m [0;32mimport[0m [0mwarnings[0m[0;34m[0m[0;34m[0m[0m
[1;32m      4[0m [0mwarnings[0m[0;34m.[0m[0msimplefilter[0m[0;34m([0m[0maction[0m[0;34m=[0m[0;34m'ignore'[0m[0;34m,[0m [0mcategory[0m[0;34m=[0m[0mFutureWarning[0m[0;34m)[0m[0;34m[0m[0;34m[0m[0m
[1;32m      5[0m [0;34m[0m[0m

[0;31mModuleNotFoundError[0m: No module named 'seaborn'
ModuleNotFoundError: No module named 'seaborn'

