Traceback (most recent call last):
  File "/home/khanh/miniconda3/lib/python3.9/site-packages/jupyter_cache/executors/utils.py", line 51, in single_nb_execution
    executenb(
  File "/home/khanh/miniconda3/lib/python3.9/site-packages/nbclient/client.py", line 1093, in execute
    return NotebookClient(nb=nb, resources=resources, km=km, **kwargs).execute()
  File "/home/khanh/miniconda3/lib/python3.9/site-packages/nbclient/util.py", line 84, in wrapped
    return just_run(coro(*args, **kwargs))
  File "/home/khanh/miniconda3/lib/python3.9/site-packages/nbclient/util.py", line 62, in just_run
    return loop.run_until_complete(coro)
  File "/home/khanh/miniconda3/lib/python3.9/asyncio/base_events.py", line 642, in run_until_complete
    return future.result()
  File "/home/khanh/miniconda3/lib/python3.9/site-packages/nbclient/client.py", line 559, in async_execute
    await self.async_execute_cell(
  File "/home/khanh/miniconda3/lib/python3.9/site-packages/nbclient/client.py", line 854, in async_execute_cell
    self._check_raise_for_error(cell, exec_reply)
  File "/home/khanh/miniconda3/lib/python3.9/site-packages/nbclient/client.py", line 756, in _check_raise_for_error
    raise CellExecutionError.from_cell_and_msg(cell, exec_reply_content)
nbclient.exceptions.CellExecutionError: An error occurred while executing the following cell:
------------------
import matplotlib.pyplot as plt
import matplotlib
matplotlib.rcParams.update({'font.size': 22})

import numpy as np

x1 = np.array([[125, 140, 175, 180, 180, 200, 225, 245, 270, 280, 120, 100, 90, 85, 80, 80, 70, 50, 50, 40]])
x2 = np.array([[15, 18, 20, 25, 25, 25, 27, 30, 32, 35, 45, 50, 50, 55, 55, 55, 60, 70, 80, 90]])
y = np.array([1, 1, 1, 1, 1, 1, 1, 1, 1, 1, 0, 0, 0, 0, 0, 0, 0, 0, 0, 0])

def _plot(x, y, title="", xlabel="", ylabel=""):
  plt.figure(figsize = (16, 8))
  plt.scatter(x, y, marker = 'o')
  x_min = np.min(x)
  plt.axhline(1, color="green")
  plt.text(x_min, 0.9, "y=1.0")
  plt.axhline(0, color="red")
  plt.text(x_min, 0.05, "y=0.0")
  plt.xlabel(xlabel)
  plt.ylabel(ylabel)
  plt.title(title)
  plt.show()

_plot(x1, y, 
      title="Dư nợ vs hành vi vỡ nợ",
      xlabel="Dư nợ",
      ylabel="Vỡ nợ")
------------------

[0;31m---------------------------------------------------------------------------[0m
[0;31mModuleNotFoundError[0m                       Traceback (most recent call last)
[0;32m/tmp/ipykernel_77503/2069017520.py[0m in [0;36m<module>[0;34m[0m
[0;32m----> 1[0;31m [0;32mimport[0m [0mmatplotlib[0m[0;34m.[0m[0mpyplot[0m [0;32mas[0m [0mplt[0m[0;34m[0m[0;34m[0m[0m
[0m[1;32m      2[0m [0;32mimport[0m [0mmatplotlib[0m[0;34m[0m[0;34m[0m[0m
[1;32m      3[0m [0mmatplotlib[0m[0;34m.[0m[0mrcParams[0m[0;34m.[0m[0mupdate[0m[0;34m([0m[0;34m{[0m[0;34m'font.size'[0m[0;34m:[0m [0;36m22[0m[0;34m}[0m[0;34m)[0m[0;34m[0m[0;34m[0m[0m
[1;32m      4[0m [0;34m[0m[0m
[1;32m      5[0m [0;32mimport[0m [0mnumpy[0m [0;32mas[0m [0mnp[0m[0;34m[0m[0;34m[0m[0m

[0;31mModuleNotFoundError[0m: No module named 'matplotlib'
ModuleNotFoundError: No module named 'matplotlib'

